0.849646
0.471175
1.28765
3.43064
5.96185
2.05516
0.921765
15.8396
1.57353
0.447834
4.06764
1.4543
4.59805
0.587773
0.498996
0.855303
0.2004
5.4264
0.571753
0.218983
4.10305
0.0204917
0.422799
2.37202
1.55528
1.55829
0.911607
1.65026
1.29147
1.08156
0.403129
0.559676
0.214268
0.650928
0.114047
1.95228
0.76564
0.446472
2.31159
4.5264
1.0451
1.655
4.79961
3.78128
2.19591
0.238417
0.632738
1.11121
0.113456
3.08779
0.918336
0.749652
2.2399
0.417497
0.110075
2.03547
1.2259
2.96136
0.107904
1.55148
0.0524492
1.56252
4.31191
0.647298
1.11487
0.475211
0.352864
2.53021
1.05434
0.671665
1.17111
1.8363
0.483288
0.849753
1.87678
0.208976
1.87608
0.226773
1.60894
0.698196
0.65897
3.119
1.6872
1.11708
2.15915
2.80191
0.13076
3.66166
0.803299
0.428898
1.06411
1.2454
1.82456
0.715423
1.14939
2.11925
2.96985
1.24543
6.55648
0.0963813
0.514169
2.35666
1.69689
0.844063
2.60592
0.394588
0.915501
3.4348
1.70523
3.0415
0.465951
0.580778
5.35149
2.60581
1.06601
1.99599
0.785383
4.14988
0.289535
0.366019
1.10994
0.793177
1.93437
0.413738
1.90701
0.743096
2.26865
2.33313
0.748211
0.0325728
1.15425
0.455474
0.771953
5.74025
4.66211
1.56688
1.71187
4.03333
0.731187
1.09583
0.458992
0.912996
1.3513
1.77002
5.5252
0.471405
1.20431
0.232959
1.97244
0.19187
5.16721
0.3584
1.35706
4.23882
4.37966
2.69253
2.98107
0.913441
1.82525
4.6
1.88676
0.942556
0.639224
2.4234
5.79246
2.42044
0.558284
1.57181
0.483863
0.177234
2.28295
0.278016
2.96059
1.2579
14.8556
0.666372
1.11367
1.62645
0.208586
1.56376
5.94786
2.41618
0.571932
1.94489
3.26892
4.62232
3.07842
0.332936
0.768364
0.650323
0.487253
2.06016
4.18253
1.22883
5.84144
1.30452
1.03065
0.0665742
0.52696
2.57326
1.84365
3.38542
0.0733891
0.384753
0.918572
0.0990453
1.41448
0.250814
4.39107
1.65532
0.480747
0.965769
1.25616
0.0745423
0.122017
4.02377
0.927809
0.328889
2.14559
0.124633
4.34413
3.06753
1.84971
0.430754
0.560138
6.68302
0.917998
3.77918
1.65229
1.92709
1.47052
0.404274
1.39859
0.452292
1.90585
8.85023
0.414565
4.19872
1.52199
2.11323
0.482568
3.02435
0.870413
2.03998
0.596113
0.864775
6.63824
4.349
0.491901
