76.0075
1.44876
0.761452
1.62292
1.52715
2.80479
4.16448
3.69644
2.8715
2.23532
2.34671
1.87059
4.40142
1.31651
3.24546
7.88835
1.79436
2.25694
4.29451
4.18683
1.68126
1.08369
2.21053
2.13371
3.12234
6.88327
1.11234
1.85
4.51975
2.96524
1.82368
2.71304
1.15455
5.6267
2.66599
3.78191
2.45343
1.47723
1.26373
1.30721
2.25003
1.23807
1.34937
1.5781
2.26728
3.22112
8.02357
2.78676
5.92947
9.01395
2.94384
3.48129
3.04648
1.39614
1.50463
1.24309
2.24517
8.86789
1.76412
2.02402
1.22656
4.31487
7.71971
3.3445
1.98963
5.27689
1.87556
1.30656
1.35636
1.64623
3.10005
2.73412
1.24103
2.19284
1.34433
3.14912
1.57588
2.68107
1.65995
1.0151
2.2585
6.31811
1.11704
3.33388
1.9618
3.50384
1.08762
3.20167
1.09696
1.39638
2.66789
2.88272
1.48948
5.54619
1.7416
2.04678
3.2854
4.05666
1.7897
3.81875
2.82753
5.09009
2.01017
2.80121
1.3273
3.50806
2.2655
3.70296
1.71985
1.99904
4.55859
2.56465
2.73133
2.8456
2.04885
2.44872
1.46393
1.32395
2.74344
1.8837
6.21167
4.47233
2.409
1.89733
1.30472
3.3667
1.23287
3.13817
2.21976
4.19334
1.53354
1.15761
3.82297
1.55668
1.03963
3.72043
6.61546
1.12565
6.61446
1.60993
5.24126
2.01001
1.48823
1.19673
5.31174
1.48543
1.37581
3.56502
4.41567
1.29394
7.40279
1.68036
1.77369
2.07021
1.9935
2.09429
2.7866
2.87974
3.15235
2.72294
1.54403
4.67725
3.02915
1.18078
4.80392
2.80142
2.07938
3.3241
8.25143
1.86529
1.7176
1.71954
4.03104
2.22132
4.88052
2.53651
1.35377
1.77748
6.96094
2.83053
1.13066
4.73483
2.53916
1.32623
2.27324
4.45185
1.20667
2.78241
2.09833
2.99861
1.19975
9.23961
4.23807
1.54234
2.27055
1.44384
2.8916
1.84896
5.80084
1.88716
2.12301
2.11762
2.69202
4.18343
1.04131
1.8947
3.16626
2.66449
1.765
1.49043
7.02249
2.38408
2.04945
1.43877
5.0084
2.49868
6.48686
2.37453
3.42726
5.86107
1.58421
5.22584
2.0912
3.04173
2.58361
1.76934
1.08611
6.69695
1.9407
1.42383
0.999534
1.47924
1.30161
3.83297
7.6072
1.06414
2.86163
1.01432
1.73146
1.56349
1.24225
9.18836
1.0665
7.34644
2.18883
3.56192
6.94354
2.09318
2.36866
